!SESSION 2020-11-02 03:45:04.552 -----------------------------------------------
eclipse.buildId=unknown
java.version=11.0.6
java.vendor=AdoptOpenJDK
BootLoader constants: OS=linux, ARCH=x86_64, WS=gtk, NL=en_US

!ENTRY org.eclipse.equinox.ds 1 0 2020-11-02 03:45:04.552
!MESSAGE Could not bind a reference of component org.wso2.carbon.caching.impl.internal.CachingServiceComponent. The reference is: Reference[name = config.context.service, interface = org.wso2.carbon.utils.ConfigurationContextService, policy = dynamic, cardinality = 0..1, target = null, bind = setClusteringAgent, unbind = unsetClusteringAgent]

!ENTRY org.eclipse.equinox.ds 1 0 2020-11-02 03:45:04.560
!MESSAGE Could not bind a reference of component org.wso2.carbon.caching.impl.internal.CachingServiceComponent. The reference is: Reference[name = distributedMapProvider, interface = org.wso2.carbon.caching.impl.DistributedMapProvider, policy = dynamic, cardinality = 0..1, target = null, bind = setDistributedMapProvider, unbind = unsetDistributedMapProvider]

!ENTRY org.eclipse.equinox.ds 1 0 2020-11-02 03:45:05.291
!MESSAGE Could not bind a reference of component org.wso2.carbon.crypto.impl. The reference is: Reference[name = externalCryptoProvider, interface = org.wso2.carbon.crypto.api.ExternalCryptoProvider, policy = dynamic, cardinality = 0..n, target = null, bind = setExternalCryptoProvider, unbind = unsetExternalCryptoProvider]

!ENTRY org.eclipse.equinox.ds 1 0 2020-11-02 03:45:05.295
!MESSAGE Could not bind a reference of component org.wso2.carbon.crypto.impl. The reference is: Reference[name = internalCryptoProvider, interface = org.wso2.carbon.crypto.api.InternalCryptoProvider, policy = dynamic, cardinality = 0..n, target = null, bind = setInternalCryptoProvider, unbind = unsetInternalCryptoProvider]

!ENTRY org.eclipse.equinox.ds 1 0 2020-11-02 03:45:05.298
!MESSAGE Could not bind a reference of component org.wso2.carbon.crypto.impl. The reference is: Reference[name = keyResolver, interface = org.wso2.carbon.crypto.api.KeyResolver, policy = dynamic, cardinality = 0..n, target = null, bind = setKeyResolver, unbind = unsetKeyResolver]

!ENTRY org.eclipse.equinox.ds 1 0 2020-11-02 03:45:05.371
!MESSAGE Could not bind a reference of component org.wso2.carbon.deployment.synchronizer.subversion. The reference is: Reference[name = carbon.tomcat.service, interface = org.wso2.carbon.tomcat.api.CarbonTomcatService, policy = dynamic, cardinality = 0..1, target = null, bind = setCarbonTomcatService, unbind = unsetCarbonTomcatService]

!ENTRY org.eclipse.equinox.ds 1 0 2020-11-02 03:45:05.714
!MESSAGE Could not bind a reference of component eventProcessorManagementService.component. The reference is: Reference[name = configuration.contextService.service, interface = org.wso2.carbon.utils.ConfigurationContextService, policy = dynamic, cardinality = 0..1, target = null, bind = setConfigurationContextService, unbind = unsetConfigurationContextService]

!ENTRY org.eclipse.equinox.ds 1 0 2020-11-02 03:45:05.716
!MESSAGE Could not bind a reference of component eventProcessorManagementService.component. The reference is: Reference[name = hazelcast.instance.service, interface = com.hazelcast.core.HazelcastInstance, policy = dynamic, cardinality = 0..1, target = null, bind = setHazelcastInstance, unbind = unsetHazelcastInstance]

!ENTRY org.eclipse.equinox.ds 1 0 2020-11-02 03:45:05.755
!MESSAGE Could not bind a reference of component eventStreamService.component. The reference is: Reference[name = config.context.service, interface = org.wso2.carbon.utils.ConfigurationContextService, policy = dynamic, cardinality = 0..1, target = null, bind = setConfigurationContextService, unbind = unsetConfigurationContextService]

!ENTRY org.eclipse.equinox.ds 1 0 2020-11-02 03:45:05.757
!MESSAGE Could not bind a reference of component eventStreamService.component. The reference is: Reference[name = eventStreamListener.service, interface = org.wso2.carbon.event.stream.core.EventStreamListener, policy = dynamic, cardinality = 0..n, target = null, bind = setEventStreamListener, unbind = unsetEventStreamListener]

!ENTRY org.eclipse.equinox.ds 1 0 2020-11-02 03:45:05.778
!MESSAGE Could not bind a reference of component output.Ui.AdapterService.component. The reference is: Reference[name = ui.event.adapter.externsion, interface = org.wso2.carbon.event.output.adapter.ui.UIOutputAuthorizationService, policy = dynamic, cardinality = 0..n, target = null, bind = setUIOutputAuthorizationService, unbind = unsetUIOutputAuthorizationService]

!ENTRY org.eclipse.equinox.ds 1 0 2020-11-02 03:45:06.093
!MESSAGE Could not bind a reference of component org.wso2.carbon.identity.application.mgt.listener. The reference is: Reference[name = application.resource.mgt.event.listener.service, interface = org.wso2.carbon.identity.application.mgt.listener.ApplicationResourceManagementListener, policy = dynamic, cardinality = 0..n, target = null, bind = setApplicationResourceMgtListener, unbind = unsetApplicationResourceMgtListener]

!ENTRY org.eclipse.equinox.ds 1 0 2020-11-02 03:45:06.268
!MESSAGE Could not bind a reference of component carbon.identity.notification.mgt. The reference is: Reference[name = ldap.tenant.manager.listener.service, interface = org.wso2.carbon.identity.notification.mgt.NotificationSendingModule, policy = dynamic, cardinality = 0..n, target = null, bind = addNotificationSendingModule, unbind = removeNotificationSendingModule]

!ENTRY org.eclipse.equinox.ds 1 0 2020-11-02 03:45:06.310
!MESSAGE Could not bind a reference of component org.wso2.carbon.identity.oauth.uma.grant. The reference is: Reference[name = policy.evaluator, interface = org.wso2.carbon.identity.oauth.uma.grant.connector.PolicyEvaluator, policy = dynamic, cardinality = 0..n, target = null, bind = setPolicyEvaluator, unbind = unsetPolicyEvaluator]

!ENTRY org.eclipse.equinox.ds 1 0 2020-11-02 03:45:06.498
!MESSAGE Could not bind a reference of component org.wso2.carbon.user.export.service. The reference is: Reference[name = user.export.attribute.provider, interface = org.wso2.carbon.identity.user.export.core.service.UserInformationProvider, policy = dynamic, cardinality = 0..n, target = null, bind = setUserAttributeProvider, unbind = unsetUserAttributeProvider]

!ENTRY org.eclipse.equinox.ds 1 0 2020-11-02 03:45:14.796
!MESSAGE Could not bind a reference of component event.output.adapter.service. The reference is: Reference[name = config.context.service, interface = org.wso2.carbon.utils.ConfigurationContextService, policy = dynamic, cardinality = 0..1, target = null, bind = setConfigurationContextService, unbind = unsetConfigurationContextService]

!ENTRY org.eclipse.equinox.ds 1 0 2020-11-02 03:45:15.057
!MESSAGE Could not bind a reference of component eventPublisherService.component. The reference is: Reference[name = config.context.service, interface = org.wso2.carbon.utils.ConfigurationContextService, policy = dynamic, cardinality = 0..1, target = null, bind = setConfigurationContextService, unbind = unsetConfigurationContextService]

!ENTRY org.eclipse.equinox.ds 1 0 2020-11-02 03:45:15.068
!MESSAGE Could not bind a reference of component eventPublisherService.component. The reference is: Reference[name = registry.service, interface = org.wso2.carbon.registry.core.service.RegistryService, policy = dynamic, cardinality = 0..1, target = null, bind = setRegistryService, unbind = unsetRegistryService]

!ENTRY org.eclipse.equinox.ds 1 0 2020-11-02 03:45:15.081
!MESSAGE Could not bind a reference of component org.wso2.carbon.ndatasource. The reference is: Reference[name = config.context.service, interface = org.wso2.carbon.utils.ConfigurationContextService, policy = dynamic, cardinality = 0..1, target = null, bind = setConfigurationContextService, unbind = unsetConfigurationContextService]

!ENTRY org.eclipse.equinox.ds 1 0 2020-11-02 03:45:15.083
!MESSAGE Could not bind a reference of component org.wso2.carbon.ndatasource. The reference is: Reference[name = external.crypto.service, interface = org.wso2.carbon.crypto.api.ExternalCryptoProvider, policy = dynamic, cardinality = 0..1, target = null, bind = setExternalCryptoProvider, unbind = unsetExternalCryptoProvider]

!ENTRY org.eclipse.equinox.ds 1 0 2020-11-02 03:45:15.086
!MESSAGE Could not bind a reference of component org.wso2.carbon.ndatasource. The reference is: Reference[name = registry.service, interface = org.wso2.carbon.registry.core.service.RegistryService, policy = dynamic, cardinality = 0..1, target = null, bind = setRegistryService, unbind = unsetRegistryService]

!ENTRY org.eclipse.equinox.ds 1 0 2020-11-02 03:45:15.644
!MESSAGE Could not bind a reference of component org.wso2.carbon.ndatasource. The reference is: Reference[name = user.realmservice.default, interface = org.wso2.carbon.user.core.service.RealmService, policy = dynamic, cardinality = 0..1, target = null, bind = setRealmService, unbind = unsetRealmService]

!ENTRY org.eclipse.equinox.ds 1 0 2020-11-02 03:45:16.197
!MESSAGE Could not bind a reference of component org.wso2.carbon.tomcat.internal.CarbonTomcatServiceComponent. The reference is: Reference[name = sci, interface = javax.servlet.ServletContainerInitializer, policy = dynamic, cardinality = 0..n, target = null, bind = setServletContainerInitializer, unbind = unsetServletContainerInitializer]

!ENTRY org.eclipse.equinox.ds 1 0 2020-11-02 03:45:17.747
!MESSAGE Could not bind a reference of component carbon.consent.mgt.component. The reference is: Reference[name = consent.interceptor, interface = org.wso2.carbon.consent.mgt.core.connector.ConsentMgtInterceptor, policy = dynamic, cardinality = 0..n, target = null, bind = setConsentInterceptor, unbind = unsetConsentInterceptor]

!ENTRY org.eclipse.equinox.ds 1 0 2020-11-02 03:45:17.749
!MESSAGE Could not bind a reference of component carbon.consent.mgt.component. The reference is: Reference[name = pii.controller, interface = org.wso2.carbon.consent.mgt.core.connector.PIIController, policy = dynamic, cardinality = 0..n, target = null, bind = setPIIController, unbind = unsetPIIController]

!ENTRY org.eclipse.equinox.ds 1 0 2020-11-02 03:45:17.752
!MESSAGE Could not bind a reference of component carbon.consent.mgt.component. The reference is: Reference[name = piiCategory.dao, interface = org.wso2.carbon.consent.mgt.core.dao.PIICategoryDAO, policy = dynamic, cardinality = 0..n, target = null, bind = setPIICategory, unbind = unsetPIICategory]

!ENTRY org.eclipse.equinox.ds 1 0 2020-11-02 03:45:17.755
!MESSAGE Could not bind a reference of component carbon.consent.mgt.component. The reference is: Reference[name = purpose.dao, interface = org.wso2.carbon.consent.mgt.core.dao.PurposeDAO, policy = dynamic, cardinality = 0..n, target = null, bind = setPurpose, unbind = unsetPurpose]

!ENTRY org.eclipse.equinox.ds 1 0 2020-11-02 03:45:17.758
!MESSAGE Could not bind a reference of component carbon.consent.mgt.component. The reference is: Reference[name = purposeCategory.dao, interface = org.wso2.carbon.consent.mgt.core.dao.PurposeCategoryDAO, policy = dynamic, cardinality = 0..n, target = null, bind = setPurposeCategory, unbind = unsetPurposeCategory]

!ENTRY org.eclipse.equinox.ds 1 0 2020-11-02 03:45:17.772
!MESSAGE Could not bind a reference of component carbon.consent.mgt.component. The reference is: Reference[name = receipt.dao, interface = org.wso2.carbon.consent.mgt.core.dao.ReceiptDAO, policy = dynamic, cardinality = 0..n, target = null, bind = setReceiptDAO, unbind = unsetReceiptDAO]

!ENTRY org.eclipse.equinox.ds 1 0 2020-11-02 03:45:18.104
!MESSAGE Could not bind a reference of component org.wso2.carbon.identity.authz.service. The reference is: Reference[name = org.wso2.carbon.identity.authz.handler.authz, interface = org.wso2.carbon.identity.authz.service.handler.AuthorizationHandler, policy = dynamic, cardinality = 0..n, target = null, bind = setAuthorizationHandler, unbind = unsetAuthorizationHandler]

!ENTRY org.eclipse.equinox.ds 1 0 2020-11-02 03:45:18.107
!MESSAGE Could not bind a reference of component org.wso2.carbon.identity.authz.service. The reference is: Reference[name = org.wso2.carbon.identity.authz.handler.resource, interface = org.wso2.carbon.identity.authz.service.handler.ResourceHandler, policy = dynamic, cardinality = 0..n, target = null, bind = setResourceHandler, unbind = unsetResourceHandler]

!ENTRY org.eclipse.equinox.ds 1 0 2020-11-02 03:45:18.356
!MESSAGE Could not bind a reference of component registry.core.dscomponent. The reference is: Reference[name = CacheInvalidator, interface = org.wso2.carbon.caching.impl.CacheInvalidator, policy = dynamic, cardinality = 0..n, target = null, bind = setCacheInvalidatorService, unbind = unSetCacheInvalidatorService]

!ENTRY org.eclipse.equinox.ds 1 0 2020-11-02 03:45:18.359
!MESSAGE Could not bind a reference of component registry.core.dscomponent. The reference is: Reference[name = statistics.collector, interface = org.wso2.carbon.registry.core.statistics.StatisticsCollector, policy = dynamic, cardinality = 0..n, target = null, bind = setStatisticsCollector, unbind = unsetStatisticsCollector]

!ENTRY org.eclipse.equinox.ds 1 0 2020-11-02 03:45:23.324
!MESSAGE Could not bind a reference of component org.wso2.carbon.registry.server. The reference is: Reference[name = config.context.service, interface = org.wso2.carbon.utils.ConfigurationContextService, policy = dynamic, cardinality = 0..1, target = null, bind = setConfigurationContextService, unbind = unsetConfigurationContextService]

!ENTRY org.eclipse.equinox.ds 1 0 2020-11-02 03:45:23.602
!MESSAGE Could not bind a reference of component org.wso2.carbon.user.core.listener. The reference is: Reference[name = authorization.manager.listener.service, interface = org.wso2.carbon.user.core.listener.AuthorizationManagerListener, policy = dynamic, cardinality = 0..n, target = null, bind = setAuthorizationManagerListenerService, unbind = unsetAuthorizationManagerListenerService]

!ENTRY org.eclipse.equinox.ds 1 0 2020-11-02 03:45:23.604
!MESSAGE Could not bind a reference of component org.wso2.carbon.user.core.listener. The reference is: Reference[name = claim.manager.listener.service, interface = org.wso2.carbon.user.core.listener.ClaimManagerListener, policy = dynamic, cardinality = 0..n, target = null, bind = setClaimManagerListenerService, unbind = unsetClaimManagerListenerService]

!ENTRY org.eclipse.equinox.ds 1 0 2020-11-02 03:45:23.610
!MESSAGE Could not bind a reference of component org.wso2.carbon.user.core.listener. The reference is: Reference[name = user.management.error.event.listener.service, interface = org.wso2.carbon.user.core.listener.UserManagementErrorEventListener, policy = dynamic, cardinality = 0..n, target = null, bind = setUserManagementErrorEventListenerService, unbind = unsetUserManagementErrorEventListenerService]

!ENTRY org.eclipse.equinox.ds 1 0 2020-11-02 03:45:23.612
!MESSAGE Could not bind a reference of component org.wso2.carbon.user.core.listener. The reference is: Reference[name = user.operation.event.listener.service, interface = org.wso2.carbon.user.core.listener.UserOperationEventListener, policy = dynamic, cardinality = 0..n, target = null, bind = setUserOperationEventListenerService, unbind = unsetUserOperationEventListenerService]

!ENTRY org.eclipse.equinox.ds 1 0 2020-11-02 03:45:23.614
!MESSAGE Could not bind a reference of component org.wso2.carbon.user.core.listener. The reference is: Reference[name = user.store.manager.listener.service, interface = org.wso2.carbon.user.core.listener.UserStoreManagerListener, policy = dynamic, cardinality = 0..n, target = null, bind = setUserStoreManagerListenerService, unbind = unsetUserStoreManagerListenerService]

!ENTRY org.eclipse.equinox.ds 1 0 2020-11-02 03:45:23.617
!MESSAGE Could not bind a reference of component user.store.mgt.dscomponent. The reference is: Reference[name = claim.mgt.component, interface = org.wso2.carbon.user.core.claim.ClaimManagerFactory, policy = dynamic, cardinality = 0..1, target = null, bind = setClaimManagerFactory, unbind = unsetClaimManagerFactory]

!ENTRY org.eclipse.equinox.ds 1 0 2020-11-02 03:45:23.693
!MESSAGE Could not bind a reference of component org.wso2.carbon.context.internal.CarbonContextDiscoveryServiceComponent. The reference is: Reference[name = discoveryService, interface = org.wso2.carbon.base.DiscoveryService, policy = dynamic, cardinality = 0..1, target = null, bind = setDiscoveryService, unbind = unsetDiscoveryService]

!ENTRY org.eclipse.equinox.ds 1 0 2020-11-02 03:45:25.317
!MESSAGE Could not bind a reference of component carbon.core.dscomponent. The reference is: Reference[name = coordinatedActivity, interface = org.wso2.carbon.core.clustering.api.CoordinatedActivity, policy = dynamic, cardinality = 0..n, target = null, bind = addCoordinatedActivity, unbind = removeCoordinatedActivity]

!ENTRY org.eclipse.equinox.ds 1 0 2020-11-02 03:45:25.320
!MESSAGE Could not bind a reference of component carbon.core.dscomponent. The reference is: Reference[name = serverRestartHandler, interface = org.wso2.carbon.core.ServerRestartHandler, policy = dynamic, cardinality = 0..n, target = null, bind = addServerRestartHandler, unbind = removeServerRestartHandler]

!ENTRY org.eclipse.equinox.ds 1 0 2020-11-02 03:45:25.322
!MESSAGE Could not bind a reference of component carbon.core.dscomponent. The reference is: Reference[name = serverShutdownHandler, interface = org.wso2.carbon.core.ServerShutdownHandler, policy = dynamic, cardinality = 0..n, target = null, bind = addServerShutdownHandler, unbind = removeServerShutdownHandler]

!ENTRY org.eclipse.equinox.ds 1 0 2020-11-02 03:45:25.324
!MESSAGE Could not bind a reference of component carbon.core.dscomponent. The reference is: Reference[name = serverStartupHandler, interface = org.wso2.carbon.core.ServerStartupHandler, policy = dynamic, cardinality = 0..n, target = null, bind = addServerStartupHandler, unbind = removeServerStartupHandler]

!ENTRY org.eclipse.equinox.ds 1 0 2020-11-02 03:45:25.896
!MESSAGE Could not bind a reference of component org.wso2.carbon.bpel.BPELServiceComponent. The reference is: Reference[name = hazelcast.instance.service, interface = com.hazelcast.core.HazelcastInstance, policy = dynamic, cardinality = 0..1, target = null, bind = setHazelcastInstance, unbind = unsetHazelcastInstance]

!ENTRY org.eclipse.equinox.ds 1 0 2020-11-02 03:45:35.744
!MESSAGE Could not bind a reference of component org.wso2.carbon.deployment.synchronizer.XXX. The reference is: Reference[name = repository.reference.service, interface = org.wso2.carbon.deployment.synchronizer.ArtifactRepository, policy = dynamic, cardinality = 0..n, target = null, bind = addArtifactRepository, unbind = removeArtifactRepository]

!ENTRY org.eclipse.equinox.ds 1 0 2020-11-02 03:45:35.841
!MESSAGE Could not bind a reference of component identity.application.management.component. The reference is: Reference[name = application.mgt.authenticator, interface = org.wso2.carbon.identity.application.mgt.AbstractInboundAuthenticatorConfig, policy = dynamic, cardinality = 0..n, target = null, bind = setInboundAuthenticatorConfig, unbind = unsetInboundAuthenticatorConfig]

!ENTRY org.eclipse.equinox.ds 1 0 2020-11-02 03:45:35.869
!MESSAGE Could not bind a reference of component identity.oauth.dcr. The reference is: Reference[name = identity.oauth.dcr.handler.register, interface = org.wso2.carbon.identity.oauth.dcr.handler.RegistrationHandler, policy = dynamic, cardinality = 0..n, target = null, bind = setRegistrationHandler, unbind = unsetRegistrationHandler]

!ENTRY org.eclipse.equinox.ds 1 0 2020-11-02 03:45:35.871
!MESSAGE Could not bind a reference of component identity.oauth.dcr. The reference is: Reference[name = identity.oauth.dcr.handler.unregister, interface = org.wso2.carbon.identity.oauth.dcr.handler.UnRegistrationHandler, policy = dynamic, cardinality = 0..n, target = null, bind = setUnRegistrationHandler, unbind = unsetUnRegistrationHandler]

!ENTRY org.eclipse.equinox.ds 1 0 2020-11-02 03:45:35.925
!MESSAGE Could not bind a reference of component identity.oidc.session.component. The reference is: Reference[name = oidc.logout.handlers, interface = org.wso2.carbon.identity.oidc.session.handler.OIDCLogoutHandler, policy = dynamic, cardinality = 0..n, target = null, bind = registerOIDCLogoutHandler, unbind = unregisterOIDCLogoutHandler]

!ENTRY org.eclipse.equinox.ds 1 0 2020-11-02 03:45:35.928
!MESSAGE Could not bind a reference of component identity.oidc.session.component. The reference is: Reference[name = token.binding.service, interface = org.wso2.carbon.identity.oauth.common.token.bindings.TokenBinderInfo, policy = dynamic, cardinality = 0..n, target = null, bind = setTokenBinderInfo, unbind = unsetTokenBinderInfo]

!ENTRY org.eclipse.equinox.ds 1 0 2020-11-02 03:45:36.111
!MESSAGE Could not bind a reference of component carbon.configuration.mgt.component. The reference is: Reference[name = configuration.dao, interface = org.wso2.carbon.identity.configuration.mgt.core.dao.ConfigurationDAO, policy = dynamic, cardinality = 0..n, target = null, bind = setConfiguration, unbind = unsetConfiguration]

!ENTRY org.eclipse.equinox.ds 1 0 2020-11-02 03:45:36.241
!MESSAGE Could not bind a reference of component identity.core.component. The reference is: Reference[name = is.migration.client, interface = org.wso2.carbon.identity.core.migrate.MigrationClient, policy = dynamic, cardinality = 0..1, target = null, bind = setMigrationClient, unbind = unsetMigrationClient]

!ENTRY org.eclipse.equinox.ds 1 0 2020-11-02 03:45:36.391
!MESSAGE Could not bind a reference of component org.wso2.carbon.identity.auth.service. The reference is: Reference[name = org.wso2.carbon.identity.auth.service.handler.auth, interface = org.wso2.carbon.identity.auth.service.handler.AuthenticationHandler, policy = dynamic, cardinality = 0..n, target = null, bind = addAuthenticationHandler, unbind = removeAuthenticationHandler]

!ENTRY org.eclipse.equinox.ds 1 0 2020-11-02 03:45:36.393
!MESSAGE Could not bind a reference of component org.wso2.carbon.identity.auth.service. The reference is: Reference[name = org.wso2.carbon.identity.auth.service.handler.resource, interface = org.wso2.carbon.identity.auth.service.handler.ResourceHandler, policy = dynamic, cardinality = 0..n, target = null, bind = addResourceHandler, unbind = removeResourceHandler]

!ENTRY org.eclipse.equinox.ds 1 0 2020-11-02 03:45:36.444
!MESSAGE Could not bind a reference of component org.wso2.carbon.identity.auth.valve. The reference is: Reference[name = org.wso2.carbon.identity.auth.service.factory.auth, interface = org.wso2.carbon.identity.auth.service.factory.AuthenticationRequestBuilderFactory, policy = dynamic, cardinality = 0..n, target = null, bind = addAuthenticationRequestBuilderFactory, unbind = removeAuthenticationRequestBuilderFactory]

!ENTRY org.eclipse.equinox.ds 1 0 2020-11-02 03:45:36.485
!MESSAGE Could not bind a reference of component identity.claim.metadata.component. The reference is: Reference[name = claim.manager.listener.service, interface = org.wso2.carbon.user.core.listener.ClaimManagerListener, policy = dynamic, cardinality = 0..n, target = null, bind = setClaimManagerListener, unbind = unsetClaimManagerListener]

!ENTRY org.eclipse.equinox.ds 1 0 2020-11-02 03:45:36.530
!MESSAGE Could not bind a reference of component org.wso2.carbon.identity.data.publisher.oauth. The reference is: Reference[name = org.wso2.carbon.identity.oauth.event.OAuthEventInterceptor, interface = org.wso2.carbon.identity.oauth.event.OAuthEventInterceptor, policy = dynamic, cardinality = 0..n, target = null, bind = setAuthEventInterceptor, unbind = unsetOauthEventInterceptor]

!ENTRY org.eclipse.equinox.ds 1 0 2020-11-02 03:45:37.176
!MESSAGE Could not bind a reference of component identity.oauth2.component. The reference is: Reference[name = framework.authentication.context.method.name.translator, interface = org.wso2.carbon.identity.application.authentication.framework.AuthenticationMethodNameTranslator, policy = dynamic, cardinality = 0..1, target = null, bind = setAuthenticationMethodNameTranslator, unbind = unsetAuthenticationMethodNameTranslator]

!ENTRY org.eclipse.equinox.ds 1 0 2020-11-02 03:45:37.178
!MESSAGE Could not bind a reference of component identity.oauth2.component. The reference is: Reference[name = token.binding.service, interface = org.wso2.carbon.identity.oauth.common.token.bindings.TokenBinderInfo, policy = dynamic, cardinality = 0..n, target = null, bind = setTokenBinderInfo, unbind = unsetTokenBinderInfo]

!ENTRY org.eclipse.equinox.ds 1 0 2020-11-02 03:45:37.356
!MESSAGE Could not bind a reference of component identity.oauth.component. The reference is: Reference[name = token.binding.service, interface = org.wso2.carbon.identity.oauth.common.token.bindings.TokenBinderInfo, policy = dynamic, cardinality = 0..n, target = null, bind = setTokenBinderInfo, unbind = unsetTokenBinderInfo]

!ENTRY org.eclipse.equinox.ds 1 0 2020-11-02 03:45:37.547
!MESSAGE Could not bind a reference of component identity.provider.component. The reference is: Reference[name = identity.attribute.service, interface = org.wso2.carbon.identity.provider.IdentityAttributeService, policy = dynamic, cardinality = 0..n, target = null, bind = addAttributeService, unbind = removeAttributeService]

!ENTRY org.eclipse.equinox.ds 1 0 2020-11-02 03:45:37.684
!MESSAGE Could not bind a reference of component identity.sso.saml.component. The reference is: Reference[name = saml.extension.processor, interface = org.wso2.carbon.identity.sso.saml.extension.SAMLExtensionProcessor, policy = dynamic, cardinality = 0..n, target = null, bind = setExtensionProcessor, unbind = unsetExtensionProcessor]

!ENTRY org.eclipse.equinox.ds 1 0 2020-11-02 03:45:37.849
!MESSAGE Could not bind a reference of component identity.user.account.association.component. The reference is: Reference[name = user.store.manager.listener.service, interface = org.wso2.carbon.user.core.listener.UserStoreManagerListener, policy = dynamic, cardinality = 0..n, target = null, bind = setUserStoreManagerListenerService, unbind = unsetUserStoreManagerListenerService]

!ENTRY org.eclipse.equinox.ds 1 0 2020-11-02 03:45:37.860
!MESSAGE Could not bind a reference of component org.wso2.carbon.identity.user.store.configuration.component. The reference is: Reference[name = user.store.configuration, interface = org.wso2.carbon.identity.user.store.configuration.dao.AbstractUserStoreDAOFactory, policy = dynamic, cardinality = 0..n, target = null, bind = setUserStoreDAOFactory, unbind = unsetUserStoreDAOFactory]

!ENTRY org.eclipse.equinox.ds 1 0 2020-11-02 03:45:37.869
!MESSAGE Could not bind a reference of component identity.user.store.count.component. The reference is: Reference[name = user.store.count, interface = org.wso2.carbon.identity.user.store.count.AbstractCountRetrieverFactory, policy = dynamic, cardinality = 0..n, target = null, bind = setCountRetrieverFactory, unbind = unsetCountRetrieverFactory]

!ENTRY org.eclipse.equinox.ds 1 0 2020-11-02 03:45:37.875
!MESSAGE Could not bind a reference of component org.wso2.carbon.identity.workflow.mgt. The reference is: Reference[name = org.wso2.carbon.identity.workflow.mgt.extension.requesthandler, interface = org.wso2.carbon.identity.workflow.mgt.extension.WorkflowRequestHandler, policy = dynamic, cardinality = 0..n, target = null, bind = setWorkflowRequestHandler, unbind = unsetWorkflowRequestHandler]

!ENTRY org.eclipse.equinox.ds 1 0 2020-11-02 03:45:37.877
!MESSAGE Could not bind a reference of component org.wso2.carbon.identity.workflow.mgt. The reference is: Reference[name = org.wso2.carbon.identity.workflow.mgt.listener.deleterequest, interface = org.wso2.carbon.identity.workflow.mgt.listener.WorkflowListener, policy = dynamic, cardinality = 0..n, target = null, bind = setWorkflowRequestDeleteListener, unbind = unsetWorkflowRequestDeleteListener]

!ENTRY org.eclipse.equinox.ds 1 0 2020-11-02 03:45:37.879
!MESSAGE Could not bind a reference of component org.wso2.carbon.identity.workflow.mgt. The reference is: Reference[name = org.wso2.carbon.identity.workflow.mgt.listener.workflowexecutorlistner, interface = org.wso2.carbon.identity.workflow.mgt.listener.WorkflowExecutorManagerListener, policy = dynamic, cardinality = 0..n, target = null, bind = setWorkflowExecutorListener, unbind = unsetWorkflowExecutorListener]

!ENTRY org.eclipse.equinox.ds 1 0 2020-11-02 03:45:37.882
!MESSAGE Could not bind a reference of component org.wso2.carbon.identity.workflow.mgt. The reference is: Reference[name = org.wso2.carbon.identity.workflow.mgt.workflow.abstractworkflow, interface = org.wso2.carbon.identity.workflow.mgt.workflow.AbstractWorkflow, policy = dynamic, cardinality = 0..n, target = null, bind = setWorkflowImplementation, unbind = unsetWorkflowImplementation]

!ENTRY org.eclipse.equinox.ds 1 0 2020-11-02 03:45:37.891
!MESSAGE Could not bind a reference of component org.wso2.carbon.identity.workflow.impl. The reference is: Reference[name = org.wso2.carbon.identity.workflow.impl.listener.workflowimplservicelistner, interface = org.wso2.carbon.identity.workflow.impl.listener.WorkflowImplServiceListener, policy = dynamic, cardinality = 0..n, target = null, bind = setWorkflowImplServiceListener, unbind = unsetWorkflowImplServiceListener]

!ENTRY org.eclipse.equinox.ds 1 0 2020-11-02 03:45:37.982
!MESSAGE Could not bind a reference of component idp.mgt.dscomponent. The reference is: Reference[name = identity.core.ConnectorConfig, interface = org.wso2.carbon.identity.core.ConnectorConfig, policy = dynamic, cardinality = 0..n, target = null, bind = setIdentityGovernanceConnector, unbind = unsetGovernanceConnector]

!ENTRY org.eclipse.equinox.ds 1 0 2020-11-02 03:45:37.983
!MESSAGE Could not bind a reference of component idp.mgt.dscomponent. The reference is: Reference[name = identity.provider.saml.service.component, interface = org.wso2.carbon.idp.mgt.util.MetadataConverter, policy = dynamic, cardinality = 0..n, target = null, bind = setMetadataConverterService, unbind = unsetMetadataConverterService]

!ENTRY org.eclipse.equinox.ds 1 0 2020-11-02 03:45:38.081
!MESSAGE Could not bind a reference of component identity.data.publisher.authn. The reference is: Reference[name = AuthenticationDataPublisher, interface = org.wso2.carbon.identity.application.authentication.framework.AuthenticationDataPublisher, policy = dynamic, cardinality = 0..n, target = null, bind = setAuthenticationDataPublisher, unbind = unsetAuthenticationDataPublisher]

!ENTRY org.eclipse.equinox.ds 1 0 2020-11-02 03:45:38.128
!MESSAGE Could not bind a reference of component org.wso2.carbon.identity.governance.internal.IdentityMgtServiceComponent. The reference is: Reference[name = idp.mgt.event.listener.service, interface = org.wso2.carbon.identity.governance.common.IdentityConnectorConfig, policy = dynamic, cardinality = 0..n, target = null, bind = setIdentityGovernanceConnector, unbind = unsetIdentityGovernanceConnector]

!ENTRY org.eclipse.equinox.ds 1 0 2020-11-02 03:45:38.268
!MESSAGE Could not bind a reference of component NotificationTaskServiceComponent. The reference is: Reference[name = NotificationTaskServiceComponent, interface = org.wso2.carbon.identity.account.suspension.notification.task.NotificationReceiversRetrievalFactory, policy = dynamic, cardinality = 0..n, target = null, bind = setNotificationReceiversRetrievalFactory, unbind = unsetNotificationReceiversRetrievalFactory]

!ENTRY org.eclipse.equinox.ds 1 0 2020-11-02 03:45:38.406
!MESSAGE Could not bind a reference of component org.wso2.carbon.identity.captcha.internal.CaptchaComponent. The reference is: Reference[name = CaptchaConnectors, interface = org.wso2.carbon.identity.captcha.connector.CaptchaConnector, policy = dynamic, cardinality = 0..n, target = null, bind = setCaptchaConnector, unbind = unsetCaptchaConnector]

!ENTRY org.eclipse.equinox.ds 1 0 2020-11-02 03:45:38.630
!MESSAGE Could not bind a reference of component identity.local.auth.api.core.component. The reference is: Reference[name = auth.api.parameter.resolver, interface = org.wso2.carbon.identity.local.auth.api.core.ParameterResolver, policy = dynamic, cardinality = 0..n, target = null, bind = addParamResolver, unbind = removeParamResolver]

!ENTRY org.eclipse.equinox.ds 1 0 2020-11-02 03:45:38.735
!MESSAGE Could not bind a reference of component identity.application.authentication.framework.component. The reference is: Reference[name = claim.filter.service, interface = org.wso2.carbon.identity.application.authentication.framework.handler.claims.ClaimFilter, policy = dynamic, cardinality = 0..n, target = null, bind = setClaimFilter, unbind = unsetClaimFilter]

!ENTRY org.eclipse.equinox.ds 1 0 2020-11-02 03:45:39.390
!MESSAGE Could not bind a reference of component identity.openidconnect.component. The reference is: Reference[name = identity.openidconnect.RequestObjectService, interface = org.wso2.carbon.identity.openidconnect.RequestObjectService, policy = dynamic, cardinality = 0..1, target = null, bind = setRequestObjectService, unbind = unsetRequestObjectService]

!ENTRY org.eclipse.equinox.ds 1 0 2020-11-02 03:45:39.393
!MESSAGE Could not bind a reference of component identity.openidconnect.component. The reference is: Reference[name = identity.openidconnect.handlers, interface = org.wso2.carbon.identity.openidconnect.handlers.RequestObjectHandler, policy = dynamic, cardinality = 0..1, target = null, bind = setRequestObjectRevokeHandler, unbind = unsetRequestObjectRevokeHandler]

!ENTRY org.eclipse.equinox.ds 1 0 2020-11-02 03:45:39.504
!MESSAGE Could not bind a reference of component usermgt.component. The reference is: Reference[name = org.wso2.carbon.user.core.listener.UserManagementErrorEventListener, interface = org.wso2.carbon.user.core.listener.UserManagementErrorEventListener, policy = dynamic, cardinality = 0..n, target = null, bind = setUserManagementErrorEventListenerService, unbind = unsetUserManagementErrorEventListenerService]

!ENTRY org.eclipse.equinox.ds 1 0 2020-11-02 03:45:39.509
!MESSAGE Could not bind a reference of component usermgt.component. The reference is: Reference[name = org.wso2.carbon.user.mgt.recorder.UserDeletionEventRecorder, interface = org.wso2.carbon.user.mgt.recorder.UserDeletionEventRecorder, policy = dynamic, cardinality = 0..n, target = null, bind = setUserDeleteEventRecorder, unbind = unsetUserDeleteEventRecorder]

!ENTRY org.eclipse.equinox.ds 1 0 2020-11-02 03:45:40.491
!MESSAGE Could not bind a reference of component health.check.dscomponent. The reference is: Reference[name = health.check.dscomponent, interface = org.wso2.carbon.healthcheck.api.core.HealthChecker, policy = dynamic, cardinality = 0..n, target = null, bind = setHealthChecker, unbind = unsetHealthChecker]

!ENTRY org.eclipse.equinox.ds 1 0 2020-11-02 03:48:22.989
!MESSAGE Could not bind a reference of component org.wso2.carbon.tenant.mgt. The reference is: Reference[name = default.tenant.billing.service, interface = org.wso2.carbon.stratos.common.TenantBillingService, policy = dynamic, cardinality = 0..1, target = null, bind = setTenantBillingService, unbind = unsetTenantBillingService]

!ENTRY org.eclipse.equinox.ds 1 0 2020-11-02 03:48:23.184
!MESSAGE Could not bind a reference of component core.ui.dscomponent. The reference is: Reference[name = ui.authentication.extender, interface = org.wso2.carbon.ui.UIAuthenticationExtender, policy = dynamic, cardinality = 0..1, target = null, bind = setUIAuthenticationExtender, unbind = unsetUIAuthenticationExtender]

!ENTRY org.eclipse.equinox.ds 1 0 2020-11-02 03:48:23.873
!MESSAGE Could not bind a reference of component org.wso2.carbon.registry.resource. The reference is: Reference[name = registry.download.service, interface = org.wso2.carbon.registry.resource.download.DownloadManagerService, policy = dynamic, cardinality = 0..1, target = null, bind = setDownloadManagerService, unbind = unsetDownloadManagerService]

!ENTRY org.eclipse.equinox.ds 1 0 2020-11-02 03:48:23.876
!MESSAGE Could not bind a reference of component org.wso2.carbon.registry.resource. The reference is: Reference[name = registry.notification.service, interface = org.wso2.carbon.registry.common.eventing.NotificationService, policy = dynamic, cardinality = 0..1, target = null, bind = setRegistryNotificationService, unbind = unsetRegistryNotificationService]

!ENTRY org.eclipse.equinox.ds 1 0 2020-11-02 03:48:23.883
!MESSAGE Could not bind a reference of component org.wso2.carbon.registry.servlet. The reference is: Reference[name = registry.uddi, interface = org.wso2.carbon.registry.core.servlet.UDDIServlet, policy = dynamic, cardinality = 0..1, target = null, bind = setJUDDIRegistryServlet, unbind = unsetJUDDIRegistryServlet]
